
Error: '/home/healthyadmin/healthyfood/config/gunicorn.conf.py' doesn't exist

Error: '/home/healthyadmin/healthyfood/config/gunicorn.conf.py' doesn't exist

Error: '/home/healthyadmin/healthyfood/config/gunicorn.conf.py' doesn't exist

Error: '/home/healthyadmin/healthyfood/config/gunicorn.conf.py' doesn't exist

Error: '/home/healthyadmin/healthyfood/config/gunicorn.conf.py' doesn't exist

Error: '/home/healthyadmin/healthyfood/config/gunicorn.conf.py' doesn't exist

Error: '/home/healthyadmin/healthyfood/config/gunicorn.conf.py' doesn't exist

Error: '/home/healthyadmin/healthyfood/config/gunicorn.conf.py' doesn't exist

Error: '/home/healthyadmin/healthyfood/config/gunicorn.conf.py' doesn't exist

Error: '/home/healthyadmin/healthyfood/config/gunicorn.conf.py' doesn't exist

Error: '/home/healthyadmin/healthyfood/config/gunicorn.conf.py' doesn't exist

Error: '/home/healthyadmin/healthyfood/config/gunicorn.conf.py' doesn't exist

Error: '/home/healthyadmin/healthyfood/config/gunicorn.conf.py' doesn't exist

Error: '/home/healthyadmin/healthyfood/config/gunicorn.conf.py' doesn't exist

Error: '/home/healthyadmin/healthyfood/config/gunicorn.conf.py' doesn't exist

Error: '/home/healthyadmin/healthyfood/config/gunicorn.conf.py' doesn't exist

Error: '/home/healthyadmin/healthyfood/config/gunicorn.conf.py' doesn't exist

Error: '/home/healthyadmin/healthyfood/config/gunicorn.conf.py' doesn't exist

Error: '/home/healthyadmin/healthyfood/config/gunicorn.conf.py' doesn't exist

Error: '/home/healthyadmin/healthyfood/config/gunicorn.conf.py' doesn't exist

Error: '/home/healthyadmin/healthyfood/config/gunicorn.conf.py' doesn't exist

Error: '/home/healthyadmin/healthyfood/config/gunicorn.conf.py' doesn't exist

Error: '/home/healthyadmin/healthyfood/config/gunicorn.conf.py' doesn't exist

Error: '/home/healthyadmin/healthyfood/config/gunicorn.conf.py' doesn't exist
[2020-09-27 21:14:57 +0200] [4587] [INFO] Starting gunicorn 20.0.4
[2020-09-27 21:14:57 +0200] [4587] [INFO] Listening at: http://127.0.0.1:8000 (4587)
[2020-09-27 21:14:57 +0200] [4587] [INFO] Using worker: sync
[2020-09-27 21:14:57 +0200] [4590] [INFO] Booting worker with pid: 4590
[2020-09-27 21:14:57 +0200] [4591] [INFO] Booting worker with pid: 4591
[2020-09-27 21:14:57 +0200] [4592] [INFO] Booting worker with pid: 4592
Invalid HTTP_HOST header: 'healthyfood.uz'. You may need to add 'healthyfood.uz' to ALLOWED_HOSTS.
Bad Request: /
Invalid HTTP_HOST header: 'healthyfood.uz'. You may need to add 'healthyfood.uz' to ALLOWED_HOSTS.
Bad Request: /favicon.ico
[2020-09-27 21:16:32 +0200] [4587] [INFO] Handling signal: term
[2020-09-27 22:16:32 +0300] [4590] [INFO] Worker exiting (pid: 4590)
[2020-09-27 22:16:32 +0300] [4591] [INFO] Worker exiting (pid: 4591)
[2020-09-27 22:16:32 +0300] [4592] [INFO] Worker exiting (pid: 4592)
[2020-09-27 21:16:32 +0200] [4587] [INFO] Shutting down: Master
[2020-09-27 21:16:34 +0200] [4649] [INFO] Starting gunicorn 20.0.4
[2020-09-27 21:16:34 +0200] [4649] [INFO] Listening at: http://127.0.0.1:8000 (4649)
[2020-09-27 21:16:34 +0200] [4649] [INFO] Using worker: sync
[2020-09-27 21:16:34 +0200] [4652] [INFO] Booting worker with pid: 4652
[2020-09-27 21:16:34 +0200] [4653] [INFO] Booting worker with pid: 4653
[2020-09-27 21:16:34 +0200] [4654] [INFO] Booting worker with pid: 4654
[2020-09-27 21:27:23 +0200] [4649] [INFO] Handling signal: term
[2020-09-27 22:27:23 +0300] [4652] [INFO] Worker exiting (pid: 4652)
[2020-09-27 22:27:23 +0300] [4653] [INFO] Worker exiting (pid: 4653)
[2020-09-27 22:27:23 +0300] [4654] [INFO] Worker exiting (pid: 4654)
[2020-09-27 21:27:23 +0200] [4649] [INFO] Shutting down: Master
[2020-09-27 21:27:24 +0200] [4870] [INFO] Starting gunicorn 20.0.4
[2020-09-27 21:27:24 +0200] [4870] [INFO] Listening at: http://127.0.0.1:8000 (4870)
[2020-09-27 21:27:24 +0200] [4870] [INFO] Using worker: sync
[2020-09-27 21:27:24 +0200] [4873] [INFO] Booting worker with pid: 4873
[2020-09-27 21:27:25 +0200] [4874] [INFO] Booting worker with pid: 4874
[2020-09-27 21:27:25 +0200] [4875] [INFO] Booting worker with pid: 4875
[2020-09-27 21:33:21 +0200] [4870] [INFO] Handling signal: term
[2020-09-27 22:33:21 +0300] [4873] [INFO] Worker exiting (pid: 4873)
[2020-09-27 22:33:21 +0300] [4874] [INFO] Worker exiting (pid: 4874)
[2020-09-27 22:33:21 +0300] [4875] [INFO] Worker exiting (pid: 4875)
[2020-09-27 21:33:22 +0200] [4870] [INFO] Shutting down: Master
[2020-09-27 21:33:23 +0200] [5010] [INFO] Starting gunicorn 20.0.4
[2020-09-27 21:33:23 +0200] [5010] [INFO] Listening at: http://127.0.0.1:8000 (5010)
[2020-09-27 21:33:23 +0200] [5010] [INFO] Using worker: sync
[2020-09-27 21:33:23 +0200] [5013] [INFO] Booting worker with pid: 5013
[2020-09-27 21:33:23 +0200] [5014] [INFO] Booting worker with pid: 5014
[2020-09-27 21:33:23 +0200] [5016] [INFO] Booting worker with pid: 5016
[2020-09-27 21:35:46 +0200] [5010] [INFO] Handling signal: term
[2020-09-27 22:35:46 +0300] [5013] [INFO] Worker exiting (pid: 5013)
[2020-09-27 22:35:46 +0300] [5014] [INFO] Worker exiting (pid: 5014)
[2020-09-27 22:35:46 +0300] [5016] [INFO] Worker exiting (pid: 5016)
[2020-09-27 21:35:46 +0200] [5010] [INFO] Shutting down: Master
[2020-09-27 21:35:47 +0200] [5058] [INFO] Starting gunicorn 20.0.4
[2020-09-27 21:35:47 +0200] [5058] [INFO] Listening at: http://127.0.0.1:8000 (5058)
[2020-09-27 21:35:47 +0200] [5058] [INFO] Using worker: sync
[2020-09-27 21:35:47 +0200] [5061] [INFO] Booting worker with pid: 5061
[2020-09-27 21:35:47 +0200] [5062] [INFO] Booting worker with pid: 5062
[2020-09-27 21:35:47 +0200] [5063] [INFO] Booting worker with pid: 5063
[2020-09-27 21:38:54 +0200] [5058] [INFO] Handling signal: term
[2020-09-27 22:38:54 +0300] [5061] [INFO] Worker exiting (pid: 5061)
[2020-09-27 22:38:54 +0300] [5062] [INFO] Worker exiting (pid: 5062)
[2020-09-27 22:38:54 +0300] [5063] [INFO] Worker exiting (pid: 5063)
[2020-09-27 21:38:54 +0200] [5058] [INFO] Shutting down: Master
[2020-09-27 21:40:54 +0200] [5184] [INFO] Starting gunicorn 20.0.4
[2020-09-27 21:40:54 +0200] [5184] [INFO] Listening at: http://127.0.0.1:8000 (5184)
[2020-09-27 21:40:54 +0200] [5184] [INFO] Using worker: sync
[2020-09-27 21:40:54 +0200] [5187] [INFO] Booting worker with pid: 5187
[2020-09-27 21:40:54 +0200] [5188] [INFO] Booting worker with pid: 5188
[2020-09-27 21:40:54 +0200] [5189] [INFO] Booting worker with pid: 5189
[2020-09-27 22:18:39 +0200] [5184] [INFO] Handling signal: term
[2020-09-27 23:18:39 +0300] [5187] [INFO] Worker exiting (pid: 5187)
[2020-09-27 23:18:39 +0300] [5188] [INFO] Worker exiting (pid: 5188)
[2020-09-27 23:18:39 +0300] [5189] [INFO] Worker exiting (pid: 5189)
[2020-09-27 22:18:39 +0200] [5184] [INFO] Shutting down: Master
[2020-09-27 22:18:41 +0200] [5969] [INFO] Starting gunicorn 20.0.4
[2020-09-27 22:18:41 +0200] [5969] [INFO] Listening at: http://127.0.0.1:8000 (5969)
[2020-09-27 22:18:41 +0200] [5969] [INFO] Using worker: sync
[2020-09-27 22:18:41 +0200] [5972] [INFO] Booting worker with pid: 5972
[2020-09-27 22:18:41 +0200] [5976] [INFO] Booting worker with pid: 5976
[2020-09-27 22:18:41 +0200] [5977] [INFO] Booting worker with pid: 5977
[2020-09-27 22:19:58 +0200] [5969] [INFO] Handling signal: term
[2020-09-27 23:19:58 +0300] [5972] [INFO] Worker exiting (pid: 5972)
[2020-09-27 23:19:58 +0300] [5976] [INFO] Worker exiting (pid: 5976)
[2020-09-27 23:19:58 +0300] [5977] [INFO] Worker exiting (pid: 5977)
[2020-09-27 22:19:59 +0200] [5969] [INFO] Shutting down: Master
[2020-09-27 22:20:00 +0200] [6011] [INFO] Starting gunicorn 20.0.4
[2020-09-27 22:20:00 +0200] [6011] [INFO] Listening at: http://127.0.0.1:8000 (6011)
[2020-09-27 22:20:00 +0200] [6011] [INFO] Using worker: sync
[2020-09-27 22:20:00 +0200] [6014] [INFO] Booting worker with pid: 6014
[2020-09-27 22:20:00 +0200] [6015] [INFO] Booting worker with pid: 6015
[2020-09-27 22:20:00 +0200] [6016] [INFO] Booting worker with pid: 6016
[2020-09-28 14:31:55 +0200] [6011] [INFO] Handling signal: term
[2020-09-28 15:31:55 +0300] [6014] [INFO] Worker exiting (pid: 6014)
[2020-09-28 15:31:55 +0300] [6015] [INFO] Worker exiting (pid: 6015)
[2020-09-28 15:31:55 +0300] [6016] [INFO] Worker exiting (pid: 6016)
[2020-09-28 14:31:55 +0200] [6011] [INFO] Shutting down: Master
[2020-09-28 14:31:57 +0200] [22578] [INFO] Starting gunicorn 20.0.4
[2020-09-28 14:31:57 +0200] [22578] [INFO] Listening at: http://127.0.0.1:8000 (22578)
[2020-09-28 14:31:57 +0200] [22578] [INFO] Using worker: sync
[2020-09-28 14:31:57 +0200] [22581] [INFO] Booting worker with pid: 22581
[2020-09-28 14:31:57 +0200] [22582] [INFO] Booting worker with pid: 22582
[2020-09-28 14:31:57 +0200] [22583] [INFO] Booting worker with pid: 22583
[2020-09-28 14:41:03 +0200] [22578] [INFO] Handling signal: term
[2020-09-28 15:41:03 +0300] [22581] [INFO] Worker exiting (pid: 22581)
[2020-09-28 15:41:03 +0300] [22582] [INFO] Worker exiting (pid: 22582)
[2020-09-28 15:41:03 +0300] [22583] [INFO] Worker exiting (pid: 22583)
[2020-09-28 14:41:03 +0200] [22578] [INFO] Shutting down: Master
[2020-09-28 14:41:04 +0200] [22763] [INFO] Starting gunicorn 20.0.4
[2020-09-28 14:41:04 +0200] [22763] [INFO] Listening at: http://127.0.0.1:8000 (22763)
[2020-09-28 14:41:04 +0200] [22763] [INFO] Using worker: sync
[2020-09-28 14:41:04 +0200] [22766] [INFO] Booting worker with pid: 22766
[2020-09-28 14:41:05 +0200] [22767] [INFO] Booting worker with pid: 22767
[2020-09-28 14:41:05 +0200] [22768] [INFO] Booting worker with pid: 22768
[2020-09-28 14:42:22 +0200] [22763] [INFO] Handling signal: term
[2020-09-28 15:42:22 +0300] [22766] [INFO] Worker exiting (pid: 22766)
[2020-09-28 15:42:22 +0300] [22767] [INFO] Worker exiting (pid: 22767)
[2020-09-28 15:42:22 +0300] [22768] [INFO] Worker exiting (pid: 22768)
[2020-09-28 14:42:22 +0200] [22763] [INFO] Shutting down: Master
[2020-09-28 14:42:24 +0200] [22823] [INFO] Starting gunicorn 20.0.4
[2020-09-28 14:42:24 +0200] [22823] [INFO] Listening at: http://127.0.0.1:8000 (22823)
[2020-09-28 14:42:24 +0200] [22823] [INFO] Using worker: sync
[2020-09-28 14:42:24 +0200] [22826] [INFO] Booting worker with pid: 22826
[2020-09-28 14:42:24 +0200] [22827] [INFO] Booting worker with pid: 22827
[2020-09-28 14:42:24 +0200] [22828] [INFO] Booting worker with pid: 22828
[2020-09-28 14:48:12 +0200] [22823] [INFO] Handling signal: term
[2020-09-28 15:48:12 +0300] [22826] [INFO] Worker exiting (pid: 22826)
[2020-09-28 15:48:12 +0300] [22827] [INFO] Worker exiting (pid: 22827)
[2020-09-28 15:48:12 +0300] [22828] [INFO] Worker exiting (pid: 22828)
[2020-09-28 14:48:12 +0200] [22823] [INFO] Shutting down: Master
[2020-09-28 14:48:13 +0200] [22925] [INFO] Starting gunicorn 20.0.4
[2020-09-28 14:48:13 +0200] [22925] [INFO] Listening at: http://127.0.0.1:8000 (22925)
[2020-09-28 14:48:13 +0200] [22925] [INFO] Using worker: sync
[2020-09-28 14:48:13 +0200] [22928] [INFO] Booting worker with pid: 22928
[2020-09-28 14:48:13 +0200] [22929] [INFO] Booting worker with pid: 22929
[2020-09-28 14:48:13 +0200] [22930] [INFO] Booting worker with pid: 22930
Internal Server Error: /admin/main_page/food/add/
Traceback (most recent call last):
  File "/home/healthyadmin/venv/lib/python3.6/site-packages/django/db/backends/utils.py", line 84, in _execute
    return self.cursor.execute(sql, params)
psycopg2.errors.NotNullViolation: null value in column "discount" violates not-null constraint
DETAIL:  Failing row contains (5, Куриная грудка, Куриная грудка на пару с грибами, img/Efood_cZr8lQp.png, img/Efood-small_UTpg0Di.png, 300, 500, 2000.00, null).


The above exception was the direct cause of the following exception:

Traceback (most recent call last):
  File "/home/healthyadmin/venv/lib/python3.6/site-packages/django/core/handlers/exception.py", line 47, in inner
    response = get_response(request)
  File "/home/healthyadmin/venv/lib/python3.6/site-packages/django/core/handlers/base.py", line 179, in _get_response
    response = wrapped_callback(request, *callback_args, **callback_kwargs)
  File "/home/healthyadmin/venv/lib/python3.6/site-packages/django/contrib/admin/options.py", line 614, in wrapper
    return self.admin_site.admin_view(view)(*args, **kwargs)
  File "/home/healthyadmin/venv/lib/python3.6/site-packages/django/utils/decorators.py", line 130, in _wrapped_view
    response = view_func(request, *args, **kwargs)
  File "/home/healthyadmin/venv/lib/python3.6/site-packages/django/views/decorators/cache.py", line 44, in _wrapped_view_func
    response = view_func(request, *args, **kwargs)
  File "/home/healthyadmin/venv/lib/python3.6/site-packages/django/contrib/admin/sites.py", line 233, in inner
    return view(request, *args, **kwargs)
  File "/home/healthyadmin/venv/lib/python3.6/site-packages/django/contrib/admin/options.py", line 1653, in add_view
    return self.changeform_view(request, None, form_url, extra_context)
  File "/home/healthyadmin/venv/lib/python3.6/site-packages/django/utils/decorators.py", line 43, in _wrapper
    return bound_method(*args, **kwargs)
  File "/home/healthyadmin/venv/lib/python3.6/site-packages/django/utils/decorators.py", line 130, in _wrapped_view
    response = view_func(request, *args, **kwargs)
  File "/home/healthyadmin/venv/lib/python3.6/site-packages/django/contrib/admin/options.py", line 1534, in changeform_view
    return self._changeform_view(request, object_id, form_url, extra_context)
  File "/home/healthyadmin/venv/lib/python3.6/site-packages/django/contrib/admin/options.py", line 1580, in _changeform_view
    self.save_model(request, new_object, form, not add)
  File "/home/healthyadmin/venv/lib/python3.6/site-packages/django/contrib/admin/options.py", line 1093, in save_model
    obj.save()
  File "/home/healthyadmin/venv/lib/python3.6/site-packages/django/db/models/base.py", line 751, in save
    force_update=force_update, update_fields=update_fields)
  File "/home/healthyadmin/venv/lib/python3.6/site-packages/django/db/models/base.py", line 789, in save_base
    force_update, using, update_fields,
  File "/home/healthyadmin/venv/lib/python3.6/site-packages/django/db/models/base.py", line 892, in _save_table
    results = self._do_insert(cls._base_manager, using, fields, returning_fields, raw)
  File "/home/healthyadmin/venv/lib/python3.6/site-packages/django/db/models/base.py", line 932, in _do_insert
    using=using, raw=raw,
  File "/home/healthyadmin/venv/lib/python3.6/site-packages/django/db/models/manager.py", line 85, in manager_method
    return getattr(self.get_queryset(), name)(*args, **kwargs)
  File "/home/healthyadmin/venv/lib/python3.6/site-packages/django/db/models/query.py", line 1249, in _insert
    return query.get_compiler(using=using).execute_sql(returning_fields)
  File "/home/healthyadmin/venv/lib/python3.6/site-packages/django/db/models/sql/compiler.py", line 1395, in execute_sql
    cursor.execute(sql, params)
  File "/home/healthyadmin/venv/lib/python3.6/site-packages/django/db/backends/utils.py", line 98, in execute
    return super().execute(sql, params)
  File "/home/healthyadmin/venv/lib/python3.6/site-packages/django/db/backends/utils.py", line 66, in execute
    return self._execute_with_wrappers(sql, params, many=False, executor=self._execute)
  File "/home/healthyadmin/venv/lib/python3.6/site-packages/django/db/backends/utils.py", line 75, in _execute_with_wrappers
    return executor(sql, params, many, context)
  File "/home/healthyadmin/venv/lib/python3.6/site-packages/django/db/backends/utils.py", line 84, in _execute
    return self.cursor.execute(sql, params)
  File "/home/healthyadmin/venv/lib/python3.6/site-packages/django/db/utils.py", line 90, in __exit__
    raise dj_exc_value.with_traceback(traceback) from exc_value
  File "/home/healthyadmin/venv/lib/python3.6/site-packages/django/db/backends/utils.py", line 84, in _execute
    return self.cursor.execute(sql, params)
django.db.utils.IntegrityError: null value in column "discount" violates not-null constraint
DETAIL:  Failing row contains (5, Куриная грудка, Куриная грудка на пару с грибами, img/Efood_cZr8lQp.png, img/Efood-small_UTpg0Di.png, 300, 500, 2000.00, null).

[2020-09-28 14:51:08 +0200] [22925] [INFO] Handling signal: term
[2020-09-28 15:51:08 +0300] [22928] [INFO] Worker exiting (pid: 22928)
[2020-09-28 15:51:08 +0300] [22929] [INFO] Worker exiting (pid: 22929)
[2020-09-28 15:51:08 +0300] [22930] [INFO] Worker exiting (pid: 22930)
[2020-09-28 14:51:08 +0200] [22925] [INFO] Shutting down: Master
[2020-09-28 14:53:11 +0200] [22999] [INFO] Starting gunicorn 20.0.4
[2020-09-28 14:53:11 +0200] [22999] [INFO] Listening at: http://127.0.0.1:8000 (22999)
[2020-09-28 14:53:11 +0200] [22999] [INFO] Using worker: sync
[2020-09-28 14:53:11 +0200] [23002] [INFO] Booting worker with pid: 23002
[2020-09-28 14:53:12 +0200] [23004] [INFO] Booting worker with pid: 23004
[2020-09-28 14:53:12 +0200] [23005] [INFO] Booting worker with pid: 23005
Not Found: /wp-cron.php
[2020-09-28 15:13:11 +0200] [22999] [INFO] Handling signal: term
[2020-09-28 16:13:11 +0300] [23002] [INFO] Worker exiting (pid: 23002)
[2020-09-28 16:13:11 +0300] [23004] [INFO] Worker exiting (pid: 23004)
[2020-09-28 16:13:11 +0300] [23005] [INFO] Worker exiting (pid: 23005)
[2020-09-28 15:13:12 +0200] [22999] [INFO] Shutting down: Master
[2020-09-28 15:13:13 +0200] [23330] [INFO] Starting gunicorn 20.0.4
[2020-09-28 15:13:13 +0200] [23330] [INFO] Listening at: http://127.0.0.1:8000 (23330)
[2020-09-28 15:13:13 +0200] [23330] [INFO] Using worker: sync
[2020-09-28 15:13:13 +0200] [23333] [INFO] Booting worker with pid: 23333
[2020-09-28 15:13:13 +0200] [23334] [INFO] Booting worker with pid: 23334
[2020-09-28 15:13:13 +0200] [23335] [INFO] Booting worker with pid: 23335
[2020-09-28 15:17:15 +0200] [23330] [INFO] Handling signal: term
[2020-09-28 16:17:15 +0300] [23333] [INFO] Worker exiting (pid: 23333)
[2020-09-28 16:17:15 +0300] [23334] [INFO] Worker exiting (pid: 23334)
[2020-09-28 16:17:15 +0300] [23335] [INFO] Worker exiting (pid: 23335)
[2020-09-28 15:17:15 +0200] [23330] [INFO] Shutting down: Master
[2020-09-28 15:17:17 +0200] [23452] [INFO] Starting gunicorn 20.0.4
[2020-09-28 15:17:17 +0200] [23452] [INFO] Listening at: http://127.0.0.1:8000 (23452)
[2020-09-28 15:17:17 +0200] [23452] [INFO] Using worker: sync
[2020-09-28 15:17:17 +0200] [23455] [INFO] Booting worker with pid: 23455
[2020-09-28 15:17:17 +0200] [23456] [INFO] Booting worker with pid: 23456
[2020-09-28 15:17:17 +0200] [23457] [INFO] Booting worker with pid: 23457
